$ tsc src/*.ts --watch --outDir dist
c12:00:26 - Starting compilation in watch mode...

../../node_modules/@types/webpack/index.d.ts(32,3): error TS2305: Module '"tapable"' has no exported member 'Tapable'.
../../node_modules/@types/webpack/index.d.ts(1081,23): error TS2707: Generic type 'SyncWaterfallHook<T, AdditionalOptions>' requires between 1 and 2 type arguments.
../../node_modules/@types/webpack/index.d.ts(1082,22): error TS2707: Generic type 'SyncWaterfallHook<T, AdditionalOptions>' requires between 1 and 2 type arguments.
../../node_modules/@types/webpack/index.d.ts(1083,28): error TS2707: Generic type 'AsyncSeriesWaterfallHook<T, AdditionalOptions>' requires between 1 and 2 type arguments.
../../node_modules/@types/webpack/index.d.ts(1084,27): error TS2707: Generic type 'AsyncSeriesWaterfallHook<T, AdditionalOptions>' requires between 1 and 2 type arguments.
../../node_modules/@types/webpack/index.d.ts(1085,27): error TS2707: Generic type 'SyncBailHook<T, R, AdditionalOptions>' requires between 2 and 3 type arguments.
../../node_modules/@types/webpack/index.d.ts(1086,21): error TS2707: Generic type 'SyncWaterfallHook<T, AdditionalOptions>' requires between 1 and 2 type arguments.
../../node_modules/@types/webpack/index.d.ts(1087,27): error TS2314: Generic type 'HookMap<H>' requires 1 type argument(s).
../../node_modules/@types/webpack/index.d.ts(1089,30): error TS2314: Generic type 'HookMap<H>' requires 1 type argument(s).
../../node_modules/@types/webpack/index.d.ts(1090,24): error TS2314: Generic type 'HookMap<H>' requires 1 type argument(s).
../../node_modules/@types/webpack/index.d.ts(1099,33): error TS2314: Generic type 'HookMap<H>' requires 1 type argument(s).
../../node_modules/@types/webpack/index.d.ts(1100,27): error TS2314: Generic type 'HookMap<H>' requires 1 type argument(s).
../../node_modules/@types/webpack/index.d.ts(1101,37): error TS2314: Generic type 'HookMap<H>' requires 1 type argument(s).
../../node_modules/@types/webpack/index.d.ts(1102,44): error TS2314: Generic type 'HookMap<H>' requires 1 type argument(s).
../../node_modules/@types/webpack/index.d.ts(1103,47): error TS2314: Generic type 'HookMap<H>' requires 1 type argument(s).
../../node_modules/@types/webpack/index.d.ts(1104,28): error TS2707: Generic type 'SyncBailHook<T, R, AdditionalOptions>' requires between 2 and 3 type arguments.
../../node_modules/@types/webpack/index.d.ts(1105,30): error TS2707: Generic type 'SyncBailHook<T, R, AdditionalOptions>' requires between 2 and 3 type arguments.
../../node_modules/@types/webpack/index.d.ts(1106,24): error TS2314: Generic type 'HookMap<H>' requires 1 type argument(s).
../../node_modules/@types/webpack/index.d.ts(1107,25): error TS2707: Generic type 'SyncBailHook<T, R, AdditionalOptions>' requires between 2 and 3 type arguments.
../../node_modules/@types/webpack/index.d.ts(1108,34): error TS2707: Generic type 'SyncBailHook<T, R, AdditionalOptions>' requires between 2 and 3 type arguments.
../../node_modules/@types/webpack/index.d.ts(1109,25): error TS2707: Generic type 'SyncBailHook<T, R, AdditionalOptions>' requires between 2 and 3 type arguments.
../../node_modules/@types/webpack/index.d.ts(1110,31): error TS2707: Generic type 'SyncBailHook<T, R, AdditionalOptions>' requires between 2 and 3 type arguments.
../../node_modules/@types/webpack/index.d.ts(1111,36): error TS2707: Generic type 'SyncBailHook<T, R, AdditionalOptions>' requires between 2 and 3 type arguments.
../../node_modules/@types/webpack/index.d.ts(1112,35): error TS2707: Generic type 'SyncBailHook<T, R, AdditionalOptions>' requires between 2 and 3 type arguments.
../../node_modules/@types/webpack/index.d.ts(1113,34): error TS2707: Generic type 'SyncBailHook<T, R, AdditionalOptions>' requires between 2 and 3 type arguments.
../../node_modules/@types/webpack/index.d.ts(1114,40): error TS2707: Generic type 'SyncBailHook<T, R, AdditionalOptions>' requires between 2 and 3 type arguments.
../../node_modules/@types/webpack/index.d.ts(1115,33): error TS2707: Generic type 'SyncBailHook<T, R, AdditionalOptions>' requires between 2 and 3 type arguments.
../../node_modules/@types/webpack/index.d.ts(1116,36): error TS2314: Generic type 'HookMap<H>' requires 1 type argument(s).
../../node_modules/@types/webpack/index.d.ts(1117,38): error TS2314: Generic type 'HookMap<H>' requires 1 type argument(s).
../../node_modules/@types/webpack/index.d.ts(1118,36): error TS2314: Generic type 'HookMap<H>' requires 1 type argument(s).
../../node_modules/@types/webpack/index.d.ts(1119,28): error TS2314: Generic type 'HookMap<H>' requires 1 type argument(s).
../../node_modules/@types/webpack/index.d.ts(1120,25): error TS2314: Generic type 'HookMap<H>' requires 1 type argument(s).
../../node_modules/@types/webpack/index.d.ts(1121,27): error TS2314: Generic type 'HookMap<H>' requires 1 type argument(s).
../../node_modules/@types/webpack/index.d.ts(1122,25): error TS2314: Generic type 'HookMap<H>' requires 1 type argument(s).
../../node_modules/@types/webpack/index.d.ts(1123,29): error TS2707: Generic type 'SyncBailHook<T, R, AdditionalOptions>' requires between 2 and 3 type arguments.
../../node_modules/@types/webpack/index.d.ts(1124,23): error TS2314: Generic type 'HookMap<H>' requires 1 type argument(s).
../../node_modules/@types/webpack/index.d.ts(1125,32): error TS2314: Generic type 'HookMap<H>' requires 1 type argument(s).
../../node_modules/@types/webpack/index.d.ts(1126,22): error TS2314: Generic type 'HookMap<H>' requires 1 type argument(s).
../../node_modules/@types/webpack/index.d.ts(1127,29): error TS2314: Generic type 'HookMap<H>' requires 1 type argument(s).
../../node_modules/@types/webpack/index.d.ts(1128,38): error TS2314: Generic type 'HookMap<H>' requires 1 type argument(s).
../../node_modules/@types/webpack/index.d.ts(1129,48): error TS2707: Generic type 'SyncBailHook<T, R, AdditionalOptions>' requires between 2 and 3 type arguments.
../../node_modules/@types/webpack/index.d.ts(1130,44): error TS2707: Generic type 'SyncBailHook<T, R, AdditionalOptions>' requires between 2 and 3 type arguments.
../../node_modules/@types/webpack/index.d.ts(1131,26): error TS2707: Generic type 'SyncBailHook<T, R, AdditionalOptions>' requires between 2 and 3 type arguments.
../../node_modules/@types/webpack/index.d.ts(1140,28): error TS2707: Generic type 'AsyncSeriesWaterfallHook<T, AdditionalOptions>' requires between 1 and 2 type arguments.
../../node_modules/@types/webpack/index.d.ts(1141,27): error TS2707: Generic type 'AsyncSeriesWaterfallHook<T, AdditionalOptions>' requires between 1 and 2 type arguments.
../../node_modules/@types/webpack/index.d.ts(1142,33): error TS2707: Generic type 'SyncWaterfallHook<T, AdditionalOptions>' requires between 1 and 2 type arguments.
../../node_modules/@types/webpack/index.d.ts(1143,27): error TS2707: Generic type 'AsyncSeriesWaterfallHook<T, AdditionalOptions>' requires between 1 and 2 type arguments.
../../node_modules/@types/webpack/index.d.ts(1163,21): error TS2707: Generic type 'SyncHook<T, R, AdditionalOptions>' requires between 1 and 3 type arguments.
../../node_modules/@types/webpack/index.d.ts(1164,19): error TS2707: Generic type 'SyncHook<T, R, AdditionalOptions>' requires between 1 and 3 type arguments.
../../node_modules/@types/webpack/index.d.ts(1166,40): error TS2707: Generic type 'SyncBailHook<T, R, AdditionalOptions>' requires between 2 and 3 type arguments.
../../node_modules/@types/webpack/index.d.ts(1167,35): error TS2707: Generic type 'SyncBailHook<T, R, AdditionalOptions>' requires between 2 and 3 type arguments.
../../node_modules/@types/webpack/index.d.ts(1168,43): error TS2707: Generic type 'SyncBailHook<T, R, AdditionalOptions>' requires between 2 and 3 type arguments.
../../node_modules/@types/webpack/index.d.ts(1171,23): error TS2707: Generic type 'SyncHook<T, R, AdditionalOptions>' requires between 1 and 3 type arguments.
../../node_modules/@types/webpack/index.d.ts(1173,35): error TS2707: Generic type 'SyncBailHook<T, R, AdditionalOptions>' requires between 2 and 3 type arguments.
../../node_modules/@types/webpack/index.d.ts(1174,30): error TS2707: Generic type 'SyncBailHook<T, R, AdditionalOptions>' requires between 2 and 3 type arguments.
../../node_modules/@types/webpack/index.d.ts(1175,38): error TS2707: Generic type 'SyncBailHook<T, R, AdditionalOptions>' requires between 2 and 3 type arguments.
../../node_modules/@types/webpack/index.d.ts(1190,27): error TS2707: Generic type 'SyncBailHook<T, R, AdditionalOptions>' requires between 2 and 3 type arguments.
../../node_modules/@types/webpack/index.d.ts(1209,25): error TS2707: Generic type 'SyncHook<T, R, AdditionalOptions>' requires between 1 and 3 type arguments.
../../node_modules/@types/webpack/index.d.ts(1210,24): error TS2707: Generic type 'SyncHook<T, R, AdditionalOptions>' requires between 1 and 3 type arguments.
../../node_modules/@types/webpack/index.d.ts(1216,33): error TS2707: Generic type 'SyncHook<T, R, AdditionalOptions>' requires between 1 and 3 type arguments.
../../node_modules/@types/webpack/index.d.ts(1217,40): error TS2707: Generic type 'SyncBailHook<T, R, AdditionalOptions>' requires between 2 and 3 type arguments.
../../node_modules/@types/webpack/index.d.ts(1218,32): error TS2707: Generic type 'SyncHook<T, R, AdditionalOptions>' requires between 1 and 3 type arguments.
../../node_modules/@types/webpack/index.d.ts(1223,31): error TS2707: Generic type 'AsyncSeriesHook<T, AdditionalOptions>' requires between 1 and 2 type arguments.
../../node_modules/@types/webpack/index.d.ts(1229,33): error TS2707: Generic type 'SyncBailHook<T, R, AdditionalOptions>' requires between 2 and 3 type arguments.
../../node_modules/@types/webpack/index.d.ts(1230,24): error TS2707: Generic type 'AsyncSeriesHook<T, AdditionalOptions>' requires between 1 and 2 type arguments.
../../node_modules/@types/webpack/index.d.ts(1238,33): error TS2707: Generic type 'SyncBailHook<T, R, AdditionalOptions>' requires between 2 and 3 type arguments.
../../node_modules/@types/webpack/index.d.ts(1239,28): error TS2707: Generic type 'SyncHook<T, R, AdditionalOptions>' requires between 1 and 3 type arguments.
../../node_modules/@types/webpack/index.d.ts(1243,43): error TS2707: Generic type 'SyncBailHook<T, R, AdditionalOptions>' requires between 2 and 3 type arguments.
../../node_modules/@types/webpack/index.d.ts(1244,38): error TS2707: Generic type 'SyncBailHook<T, R, AdditionalOptions>' requires between 2 and 3 type arguments.
../../node_modules/@types/webpack/index.d.ts(1245,46): error TS2707: Generic type 'SyncBailHook<T, R, AdditionalOptions>' requires between 2 and 3 type arguments.
../../node_modules/@types/webpack/index.d.ts(1258,27): error TS2707: Generic type 'SyncWaterfallHook<T, AdditionalOptions>' requires between 1 and 2 type arguments.
../../node_modules/@types/webpack/index.d.ts(1259,22): error TS2707: Generic type 'SyncWaterfallHook<T, AdditionalOptions>' requires between 1 and 2 type arguments.
../../node_modules/@types/webpack/index.d.ts(1260,32): error TS2707: Generic type 'SyncWaterfallHook<T, AdditionalOptions>' requires between 1 and 2 type arguments.
../../node_modules/@types/webpack/index.d.ts(1261,28): error TS2707: Generic type 'SyncWaterfallHook<T, AdditionalOptions>' requires between 1 and 2 type arguments.
../../node_modules/@types/webpack/index.d.ts(1262,24): error TS2707: Generic type 'SyncWaterfallHook<T, AdditionalOptions>' requires between 1 and 2 type arguments.
../../node_modules/@types/webpack/index.d.ts(1263,27): error TS2707: Generic type 'SyncWaterfallHook<T, AdditionalOptions>' requires between 1 and 2 type arguments.
../../node_modules/@types/webpack/index.d.ts(1277,22): error TS2707: Generic type 'SyncWaterfallHook<T, AdditionalOptions>' requires between 1 and 2 type arguments.
../../node_modules/@types/webpack/index.d.ts(1278,21): error TS2707: Generic type 'SyncWaterfallHook<T, AdditionalOptions>' requires between 1 and 2 type arguments.
../../node_modules/@types/webpack/index.d.ts(1279,21): error TS2707: Generic type 'SyncWaterfallHook<T, AdditionalOptions>' requires between 1 and 2 type arguments.
../../node_modules/@types/webpack/index.d.ts(1280,22): error TS2707: Generic type 'SyncWaterfallHook<T, AdditionalOptions>' requires between 1 and